<?xml version="1.0" encoding="UTF-8"?>
<!-- Generated by org.testng.reporters.JUnitReportReporter -->
<testsuite hostname="monika-latitude-e6430" name="demo_MS_UI_testCases.MMT_BeginPageTest" tests="3" failures="0" timestamp="2 Jun 2020 12:20:46 GMT" time="0.927" errors="0">
  <testcase name="clickcreateAccountTest" time="0.224" classname="demo_MS_UI_testCases.MMT_BeginPageTest"/>
  <testcase name="clickLoginSingUPBtnTest" time="0.293" classname="demo_MS_UI_testCases.MMT_BeginPageTest"/>
  <testcase name="openMMTTest" time="0.410" classname="demo_MS_UI_testCases.MMT_BeginPageTest"/>
</testsuite> <!-- demo_MS_UI_testCases.MMT_BeginPageTest -->
