<?xml version="1.0" encoding="UTF-8"?>
<!-- Generated by org.testng.reporters.JUnitReportReporter -->
<testsuite hostname="monika-latitude-e6430" name="demo_MS_UI_testCases.LoginPageTest" tests="1" failures="0" timestamp="17 Jun 2020 17:14:01 GMT" time="41.353" errors="0">
  <testcase name="enterUNTest" time="41.353" classname="demo_MS_UI_testCases.LoginPageTest"/>
</testsuite> <!-- demo_MS_UI_testCases.LoginPageTest -->
