<?xml version="1.0" encoding="UTF-8"?>
<!-- Generated by org.testng.reporters.JUnitReportReporter -->
<testsuite hostname="monika-latitude-e6430" name="demo_MS_UI_testCases.CreateAccountPageTest" tests="1" failures="0" timestamp="3 Jun 2020 06:37:13 GMT" time="14.330" errors="0">
  <testcase name="clickcreateAccountTest" time="14.330" classname="demo_MS_UI_testCases.CreateAccountPageTest"/>
</testsuite> <!-- demo_MS_UI_testCases.CreateAccountPageTest -->
