<?xml version="1.0" encoding="UTF-8"?>
<!-- Generated by org.testng.reporters.JUnitReportReporter -->
<testsuite hostname="monika-latitude-e6430" name="demo_MS_UI_testCases.MMT_BeginPageTest" tests="2" failures="0" timestamp="6 Jul 2020 11:30:06 GMT" time="84.132" errors="0">
  <testcase name="clickLoginSingUPBtnTest" time="60.153" classname="demo_MS_UI_testCases.MMT_BeginPageTest"/>
  <testcase name="openMMTTest" time="23.979" classname="demo_MS_UI_testCases.MMT_BeginPageTest"/>
</testsuite> <!-- demo_MS_UI_testCases.MMT_BeginPageTest -->
