<?xml version="1.0" encoding="UTF-8"?>
<!-- Generated by org.testng.reporters.JUnitReportReporter -->
<testsuite hostname="monika-latitude-e6430" name="demo_MS_UI_testCases.LoginPageTest" tests="1" failures="0" timestamp="6 Jul 2020 11:30:06 GMT" time="12.314" errors="0">
  <testcase name="enterUNTest" time="12.314" classname="demo_MS_UI_testCases.LoginPageTest"/>
</testsuite> <!-- demo_MS_UI_testCases.LoginPageTest -->
